<?xml version="1.0" encoding="UTF-8"?>
<testsuite xmlns:xsi="http://www.w3.org/2001/XMLSchema-instance" xsi:noNamespaceSchemaLocation="https://maven.apache.org/surefire/maven-surefire-plugin/xsd/surefire-test-report-3.0.xsd" version="3.0" name="Base.GameTest" time="0.755" tests="6" errors="0" skipped="0" failures="0">
  <properties>
    <property name="java.specification.version" value="17"/>
    <property name="sun.cpu.isalist" value="amd64"/>
    <property name="sun.jnu.encoding" value="Cp1250"/>
    <property name="java.class.path" value="C:\Users\József\IdeaProjects\Wumpus\target\test-classes;C:\Users\József\IdeaProjects\Wumpus\target\classes;C:\Users\József\.m2\repository\com\mysql\mysql-connector-j\8.0.33\mysql-connector-j-8.0.33.jar;C:\Users\József\.m2\repository\com\google\protobuf\protobuf-java\3.21.9\protobuf-java-3.21.9.jar;C:\Users\József\.m2\repository\com\indvd00m\ascii\render\ascii-render\2.2.0\ascii-render-2.2.0.jar;C:\Users\József\.m2\repository\com\indvd00m\ascii\render\ascii-render-api\2.2.0\ascii-render-api-2.2.0.jar;C:\Users\József\.m2\repository\com\h2database\h2\1.4.199\h2-1.4.199.jar;C:\Users\József\.m2\repository\org\jline\jline\3.24.1\jline-3.24.1.jar;C:\Users\József\.m2\repository\com\jtransc\jtransc-rt\0.5.0-ALPHA4\jtransc-rt-0.5.0-ALPHA4.jar;C:\Users\József\.m2\repository\com\jtransc\jtransc-rt-core\0.5.0-ALPHA4\jtransc-rt-core-0.5.0-ALPHA4.jar;C:\Users\József\.m2\repository\org\junit\jupiter\junit-jupiter-api\5.10.1\junit-jupiter-api-5.10.1.jar;C:\Users\József\.m2\repository\org\opentest4j\opentest4j\1.3.0\opentest4j-1.3.0.jar;C:\Users\József\.m2\repository\org\junit\platform\junit-platform-commons\1.10.1\junit-platform-commons-1.10.1.jar;C:\Users\József\.m2\repository\org\apiguardian\apiguardian-api\1.1.2\apiguardian-api-1.1.2.jar;C:\Users\József\.m2\repository\org\junit\jupiter\junit-jupiter-engine\5.10.1\junit-jupiter-engine-5.10.1.jar;C:\Users\József\.m2\repository\org\junit\platform\junit-platform-engine\1.10.1\junit-platform-engine-1.10.1.jar;C:\Users\József\.m2\repository\org\mockito\mockito-core\4.0.0\mockito-core-4.0.0.jar;C:\Users\József\.m2\repository\net\bytebuddy\byte-buddy\1.11.19\byte-buddy-1.11.19.jar;C:\Users\József\.m2\repository\net\bytebuddy\byte-buddy-agent\1.11.19\byte-buddy-agent-1.11.19.jar;C:\Users\József\.m2\repository\org\objenesis\objenesis\3.2\objenesis-3.2.jar;C:\Users\József\.m2\repository\ch\qos\logback\logback-classic\1.2.6\logback-classic-1.2.6.jar;C:\Users\József\.m2\repository\ch\qos\logback\logback-core\1.2.6\logback-core-1.2.6.jar;C:\Users\József\.m2\repository\org\slf4j\slf4j-api\1.7.32\slf4j-api-1.7.32.jar;C:\Users\József\.m2\repository\junit\junit\4.12\junit-4.12.jar;C:\Users\József\.m2\repository\org\hamcrest\hamcrest-core\1.3\hamcrest-core-1.3.jar;C:\Users\József\.m2\repository\org\testng\testng\7.8.0\testng-7.8.0.jar;C:\Users\József\.m2\repository\com\beust\jcommander\1.82\jcommander-1.82.jar;C:\Users\József\.m2\repository\org\webjars\jquery\3.6.1\jquery-3.6.1.jar;C:\Users\József\.m2\repository\jakarta\xml\bind\jakarta.xml.bind-api\3.0.1\jakarta.xml.bind-api-3.0.1.jar;C:\Users\József\.m2\repository\com\sun\activation\jakarta.activation\2.0.1\jakarta.activation-2.0.1.jar;C:\Users\József\.m2\repository\com\sun\xml\bind\jaxb-impl\3.0.1\jaxb-impl-3.0.1.jar;C:\Users\József\.m2\repository\com\sun\xml\bind\jaxb-core\3.0.1\jaxb-core-3.0.1.jar;C:\Users\József\.m2\repository\javax\xml\bind\jaxb-api\2.3.1\jaxb-api-2.3.1.jar;C:\Users\József\.m2\repository\javax\activation\javax.activation-api\1.2.0\javax.activation-api-1.2.0.jar;C:\Users\József\.m2\repository\org\glassfish\jaxb\jaxb-runtime\2.3.1\jaxb-runtime-2.3.1.jar;C:\Users\József\.m2\repository\org\glassfish\jaxb\txw2\2.3.1\txw2-2.3.1.jar;C:\Users\József\.m2\repository\com\sun\istack\istack-commons-runtime\3.0.7\istack-commons-runtime-3.0.7.jar;C:\Users\József\.m2\repository\org\jvnet\staxex\stax-ex\1.8\stax-ex-1.8.jar;C:\Users\József\.m2\repository\com\sun\xml\fastinfoset\FastInfoset\1.2.15\FastInfoset-1.2.15.jar;C:\Users\József\.m2\repository\javax\activation\activation\1.1.1\activation-1.1.1.jar;"/>
    <property name="java.vm.vendor" value="Oracle Corporation"/>
    <property name="sun.arch.data.model" value="64"/>
    <property name="user.variant" value=""/>
    <property name="java.vendor.url" value="https://java.oracle.com/"/>
    <property name="user.timezone" value="Europe/Budapest"/>
    <property name="os.name" value="Windows 10"/>
    <property name="java.vm.specification.version" value="17"/>
    <property name="sun.java.launcher" value="SUN_STANDARD"/>
    <property name="user.country" value="HU"/>
    <property name="sun.boot.library.path" value="C:\Program Files\Java\jdk-17.0.1\bin"/>
    <property name="sun.java.command" value="C:\Users\József\AppData\Local\Temp\surefire103114233599857843\surefirebooter-20231207135527865_3.jar C:\Users\József\AppData\Local\Temp\surefire103114233599857843 2023-12-07T13-55-27_699-jvmRun1 surefire-20231207135527865_1tmp surefire_0-20231207135527865_2tmp"/>
    <property name="jdk.debug" value="release"/>
    <property name="surefire.test.class.path" value="C:\Users\József\IdeaProjects\Wumpus\target\test-classes;C:\Users\József\IdeaProjects\Wumpus\target\classes;C:\Users\József\.m2\repository\com\mysql\mysql-connector-j\8.0.33\mysql-connector-j-8.0.33.jar;C:\Users\József\.m2\repository\com\google\protobuf\protobuf-java\3.21.9\protobuf-java-3.21.9.jar;C:\Users\József\.m2\repository\com\indvd00m\ascii\render\ascii-render\2.2.0\ascii-render-2.2.0.jar;C:\Users\József\.m2\repository\com\indvd00m\ascii\render\ascii-render-api\2.2.0\ascii-render-api-2.2.0.jar;C:\Users\József\.m2\repository\com\h2database\h2\1.4.199\h2-1.4.199.jar;C:\Users\József\.m2\repository\org\jline\jline\3.24.1\jline-3.24.1.jar;C:\Users\József\.m2\repository\com\jtransc\jtransc-rt\0.5.0-ALPHA4\jtransc-rt-0.5.0-ALPHA4.jar;C:\Users\József\.m2\repository\com\jtransc\jtransc-rt-core\0.5.0-ALPHA4\jtransc-rt-core-0.5.0-ALPHA4.jar;C:\Users\József\.m2\repository\org\junit\jupiter\junit-jupiter-api\5.10.1\junit-jupiter-api-5.10.1.jar;C:\Users\József\.m2\repository\org\opentest4j\opentest4j\1.3.0\opentest4j-1.3.0.jar;C:\Users\József\.m2\repository\org\junit\platform\junit-platform-commons\1.10.1\junit-platform-commons-1.10.1.jar;C:\Users\József\.m2\repository\org\apiguardian\apiguardian-api\1.1.2\apiguardian-api-1.1.2.jar;C:\Users\József\.m2\repository\org\junit\jupiter\junit-jupiter-engine\5.10.1\junit-jupiter-engine-5.10.1.jar;C:\Users\József\.m2\repository\org\junit\platform\junit-platform-engine\1.10.1\junit-platform-engine-1.10.1.jar;C:\Users\József\.m2\repository\org\mockito\mockito-core\4.0.0\mockito-core-4.0.0.jar;C:\Users\József\.m2\repository\net\bytebuddy\byte-buddy\1.11.19\byte-buddy-1.11.19.jar;C:\Users\József\.m2\repository\net\bytebuddy\byte-buddy-agent\1.11.19\byte-buddy-agent-1.11.19.jar;C:\Users\József\.m2\repository\org\objenesis\objenesis\3.2\objenesis-3.2.jar;C:\Users\József\.m2\repository\ch\qos\logback\logback-classic\1.2.6\logback-classic-1.2.6.jar;C:\Users\József\.m2\repository\ch\qos\logback\logback-core\1.2.6\logback-core-1.2.6.jar;C:\Users\József\.m2\repository\org\slf4j\slf4j-api\1.7.32\slf4j-api-1.7.32.jar;C:\Users\József\.m2\repository\junit\junit\4.12\junit-4.12.jar;C:\Users\József\.m2\repository\org\hamcrest\hamcrest-core\1.3\hamcrest-core-1.3.jar;C:\Users\József\.m2\repository\org\testng\testng\7.8.0\testng-7.8.0.jar;C:\Users\József\.m2\repository\com\beust\jcommander\1.82\jcommander-1.82.jar;C:\Users\József\.m2\repository\org\webjars\jquery\3.6.1\jquery-3.6.1.jar;C:\Users\József\.m2\repository\jakarta\xml\bind\jakarta.xml.bind-api\3.0.1\jakarta.xml.bind-api-3.0.1.jar;C:\Users\József\.m2\repository\com\sun\activation\jakarta.activation\2.0.1\jakarta.activation-2.0.1.jar;C:\Users\József\.m2\repository\com\sun\xml\bind\jaxb-impl\3.0.1\jaxb-impl-3.0.1.jar;C:\Users\József\.m2\repository\com\sun\xml\bind\jaxb-core\3.0.1\jaxb-core-3.0.1.jar;C:\Users\József\.m2\repository\javax\xml\bind\jaxb-api\2.3.1\jaxb-api-2.3.1.jar;C:\Users\József\.m2\repository\javax\activation\javax.activation-api\1.2.0\javax.activation-api-1.2.0.jar;C:\Users\József\.m2\repository\org\glassfish\jaxb\jaxb-runtime\2.3.1\jaxb-runtime-2.3.1.jar;C:\Users\József\.m2\repository\org\glassfish\jaxb\txw2\2.3.1\txw2-2.3.1.jar;C:\Users\József\.m2\repository\com\sun\istack\istack-commons-runtime\3.0.7\istack-commons-runtime-3.0.7.jar;C:\Users\József\.m2\repository\org\jvnet\staxex\stax-ex\1.8\stax-ex-1.8.jar;C:\Users\József\.m2\repository\com\sun\xml\fastinfoset\FastInfoset\1.2.15\FastInfoset-1.2.15.jar;C:\Users\József\.m2\repository\javax\activation\activation\1.1.1\activation-1.1.1.jar;"/>
    <property name="sun.cpu.endian" value="little"/>
    <property name="user.home" value="C:\Users\József"/>
    <property name="user.language" value="hu"/>
    <property name="java.specification.vendor" value="Oracle Corporation"/>
    <property name="java.version.date" value="2021-10-19"/>
    <property name="java.home" value="C:\Program Files\Java\jdk-17.0.1"/>
    <property name="file.separator" value="\"/>
    <property name="basedir" value="C:\Users\József\IdeaProjects\Wumpus"/>
    <property name="java.vm.compressedOopsMode" value="Zero based"/>
    <property name="line.separator" value="&#10;"/>
    <property name="java.vm.specification.vendor" value="Oracle Corporation"/>
    <property name="java.specification.name" value="Java Platform API Specification"/>
    <property name="surefire.real.class.path" value="C:\Users\József\AppData\Local\Temp\surefire103114233599857843\surefirebooter-20231207135527865_3.jar"/>
    <property name="user.script" value=""/>
    <property name="sun.management.compiler" value="HotSpot 64-Bit Tiered Compilers"/>
    <property name="java.runtime.version" value="17.0.1+12-LTS-39"/>
    <property name="user.name" value="József"/>
    <property name="path.separator" value=";"/>
    <property name="os.version" value="10.0"/>
    <property name="java.runtime.name" value="Java(TM) SE Runtime Environment"/>
    <property name="file.encoding" value="Cp1250"/>
    <property name="java.vm.name" value="Java HotSpot(TM) 64-Bit Server VM"/>
    <property name="localRepository" value="C:\Users\József\.m2\repository"/>
    <property name="java.vendor.url.bug" value="https://bugreport.java.com/bugreport/"/>
    <property name="java.io.tmpdir" value="C:\Users\JZSEF~1\AppData\Local\Temp\"/>
    <property name="idea.version" value="2023.2.5"/>
    <property name="java.version" value="17.0.1"/>
    <property name="user.dir" value="C:\Users\József\IdeaProjects\Wumpus"/>
    <property name="os.arch" value="amd64"/>
    <property name="java.vm.specification.name" value="Java Virtual Machine Specification"/>
    <property name="sun.os.patch.level" value=""/>
    <property name="native.encoding" value="Cp1250"/>
    <property name="java.library.path" value="C:\Program Files\Java\jdk-17.0.1\bin;C:\WINDOWS\Sun\Java\bin;C:\WINDOWS\system32;C:\WINDOWS;C:\Program Files\Common Files\Oracle\Java\javapath;C:\Program Files (x86)\Common Files\Oracle\Java\javapath;C:\WINDOWS\system32;C:\WINDOWS;C:\WINDOWS\System32\Wbem;C:\WINDOWS\System32\WindowsPowerShell\v1.0\;C:\WINDOWS\System32\OpenSSH\;C:\Program Files\NVIDIA Corporation\NVIDIA NvDLISR;C:\Program Files (x86)\NVIDIA Corporation\PhysX\Common;C:\Program Files\Microsoft SQL Server\150\Tools\Binn\;E:\MinGW\bin;C:\Program Files\dotnet\;E:\JavaMaven\bin;C:\Program Files\Git\cmd;C:\Users\József\AppData\Local\Microsoft\WindowsApps;e:\IntelliJ IDEA Community Edition 2023.2.5\bin;;E:\MinGW\bin;C:\Users\József\.dotnet\tools;C:\Users\József\AppData\Local\GitHubDesktop\bin;."/>
    <property name="java.vm.info" value="mixed mode, sharing"/>
    <property name="java.vendor" value="Oracle Corporation"/>
    <property name="java.vm.version" value="17.0.1+12-LTS-39"/>
    <property name="sun.io.unicode.encoding" value="UnicodeLittle"/>
    <property name="java.class.version" value="61.0"/>
  </properties>
  <testcase name="isHerodead" classname="Base.GameTest" time="0.042">
    <system-out><![CDATA[------- SQL HIBA: Communications link failure

The last packet sent successfully to the server was 0 milliseconds ago. The driver has not received any packets from the server.
]]></system-out>
  </testcase>
  <testcase name="isWin" classname="Base.GameTest" time="0.027">
    <system-out><![CDATA[------- SQL HIBA: Communications link failure

The last packet sent successfully to the server was 0 milliseconds ago. The driver has not received any packets from the server.
]]></system-out>
  </testcase>
  <testcase name="testStateLoader" classname="Base.GameTest" time="0.531">
    <system-out><![CDATA[------- SQL HIBA: Communications link failure

The last packet sent successfully to the server was 0 milliseconds ago. The driver has not received any packets from the server.
]]></system-out>
  </testcase>
  <testcase name="testRandomGenerator" classname="Base.GameTest" time="0.017">
    <system-out><![CDATA[------- SQL HIBA: Communications link failure

The last packet sent successfully to the server was 0 milliseconds ago. The driver has not received any packets from the server.
]]></system-out>
  </testcase>
  <testcase name="testSaveState" classname="Base.GameTest" time="0.096">
    <system-out><![CDATA[------- SQL HIBA: Communications link failure

The last packet sent successfully to the server was 0 milliseconds ago. The driver has not received any packets from the server.
]]></system-out>
  </testcase>
  <testcase name="testDrawRandomMap" classname="Base.GameTest" time="0.033">
    <system-out><![CDATA[------- SQL HIBA: Communications link failure

The last packet sent successfully to the server was 0 milliseconds ago. The driver has not received any packets from the server.
   ABCDEFGHIJKLMN
 0 ▄▄▄▄▄▄▄▄▄▄▄▄▄▄     Arany:  0 / 1
 1 █_________U__█     Nyilak: 2
 2 █__U_________█     Wumpus: 2
 3 █_________H__█     Irány:  North, x: 10, y:  3
 4 █____________█
 5 █____________█
 6 █____________█
 7 █____________█
 8 █________G___█
 9 █____________█
10 █____________█
11 █____________█
12 █____________█
13 ▀▀▀▀▀▀▀▀▀▀▀▀▀▀
]]></system-out>
  </testcase>
</testsuite>